<?xml version="1.0" encoding="UTF-8"?>
<testng-results skipped="0" failed="0" total="1" passed="1">
  <reporter-output>
  </reporter-output>
  <suite name="Default suite" duration-ms="18868" started-at="2022-07-01T12:17:56Z" finished-at="2022-07-01T12:18:15Z">
    <groups>
    </groups>
    <test name="Default test" duration-ms="18868" started-at="2022-07-01T12:17:56Z" finished-at="2022-07-01T12:18:15Z">
      <class name="com.testcases.Tests">
        <test-method status="PASS" signature="objCreate()[pri:0, instance:com.testcases.Tests@3498ed]" name="objCreate" is-config="true" duration-ms="10323" started-at="2022-07-01T17:47:56Z" finished-at="2022-07-01T17:48:06Z">
          <reporter-output>
          </reporter-output>
        </test-method> <!-- objCreate -->
        <test-method status="PASS" signature="endToEndTest()[pri:0, instance:com.testcases.Tests@3498ed]" name="endToEndTest" duration-ms="8439" started-at="2022-07-01T17:48:06Z" finished-at="2022-07-01T17:48:15Z">
          <reporter-output>
          </reporter-output>
        </test-method> <!-- endToEndTest -->
        <test-method status="PASS" signature="closeBrowser()[pri:0, instance:com.testcases.Tests@3498ed]" name="closeBrowser" is-config="true" duration-ms="98" started-at="2022-07-01T17:48:15Z" finished-at="2022-07-01T17:48:15Z">
          <reporter-output>
          </reporter-output>
        </test-method> <!-- closeBrowser -->
      </class> <!-- com.testcases.Tests -->
    </test> <!-- Default test -->
  </suite> <!-- Default suite -->
</testng-results>
